# JRE version: OpenJDK Runtime Environment (8.0_152-b02) (build 1.8.0_152-release-1024-b02)
# Java VM: OpenJDK 64-Bit Server VM (25.152-b02 mixed mode windows-amd64 compressed oops)
Heap:
 PSYoungGen      total 192512K, used 105731K [0x00000000e0000000, 0x00000000ed800000, 0x0000000100000000)
  eden space 171008K, 49% used [0x00000000e0000000,0x00000000e5246148,0x00000000ea700000)
  from space 21504K, 99% used [0x00000000ec200000,0x00000000ed6fad88,0x00000000ed700000)
  to   space 25088K, 0% used [0x00000000ea700000,0x00000000ea700000,0x00000000ebf80000)
 ParOldGen       total 118784K, used 90687K [0x00000000a0000000, 0x00000000a7400000, 0x00000000e0000000)
  object space 118784K, 76% used [0x00000000a0000000,0x00000000a588fcc8,0x00000000a7400000)
 Metaspace       used 90282K, capacity 96642K, committed 96896K, reserved 1134592K
  class space    used 11274K, capacity 12385K, committed 12416K, reserved 1048576K
GC Heap History (10 events):
Event: 14184.946 GC heap before
{Heap before GC invocations=49 (full 3):
 PSYoungGen      total 187392K, used 187246K [0x00000000e0000000, 0x00000000ed780000, 0x0000000100000000)
  eden space 175616K, 100% used [0x00000000e0000000,0x00000000eab80000,0x00000000eab80000)
  from space 11776K, 98% used [0x00000000eb700000,0x00000000ec25baa0,0x00000000ec280000)
  to   space 21504K, 0% used [0x00000000ec280000,0x00000000ec280000,0x00000000ed780000)
 ParOldGen       total 118784K, used 86067K [0x00000000a0000000, 0x00000000a7400000, 0x00000000e0000000)
  object space 118784K, 72% used [0x00000000a0000000,0x00000000a540cc28,0x00000000a7400000)
 Metaspace       used 90184K, capacity 96502K, committed 96640K, reserved 1134592K
  class space    used 11272K, capacity 12385K, committed 12416K, reserved 1048576K
Event: 14184.970 GC heap after
Heap after GC invocations=49 (full 3):
 PSYoungGen      total 185856K, used 15889K [0x00000000e0000000, 0x00000000ed280000, 0x0000000100000000)
  eden space 169472K, 0% used [0x00000000e0000000,0x00000000e0000000,0x00000000ea580000)
  from space 16384K, 96% used [0x00000000ec280000,0x00000000ed2047c8,0x00000000ed280000)
  to   space 22528K, 0% used [0x00000000ea680000,0x00000000ea680000,0x00000000ebc80000)
 ParOldGen       total 118784K, used 86319K [0x00000000a0000000, 0x00000000a7400000, 0x00000000e0000000)
  object space 118784K, 72% used [0x00000000a0000000,0x00000000a544bc48,0x00000000a7400000)
 Metaspace       used 90184K, capacity 96502K, committed 96640K, reserved 1134592K
  class space    used 11272K, capacity 12385K, committed 12416K, reserved 1048576K
}
Event: 14185.859 GC heap before
{Heap before GC invocations=50 (full 3):
 PSYoungGen      total 185856K, used 185361K [0x00000000e0000000, 0x00000000ed280000, 0x0000000100000000)
  eden space 169472K, 100% used [0x00000000e0000000,0x00000000ea580000,0x00000000ea580000)
  from space 16384K, 96% used [0x00000000ec280000,0x00000000ed2047c8,0x00000000ed280000)
  to   space 22528K, 0% used [0x00000000ea680000,0x00000000ea680000,0x00000000ebc80000)
 ParOldGen       total 118784K, used 86319K [0x00000000a0000000, 0x00000000a7400000, 0x00000000e0000000)
  object space 118784K, 72% used [0x00000000a0000000,0x00000000a544bc48,0x00000000a7400000)
 Metaspace       used 90187K, capacity 96502K, committed 96640K, reserved 1134592K
  class space    used 11273K, capacity 12385K, committed 12416K, reserved 1048576K
Event: 14185.887 GC heap after
Heap after GC invocations=50 (full 3):
 PSYoungGen      total 193024K, used 13754K [0x00000000e0000000, 0x00000000edd00000, 0x0000000100000000)
  eden space 170496K, 0% used [0x00000000e0000000,0x00000000e0000000,0x00000000ea680000)
  from space 22528K, 61% used [0x00000000ea680000,0x00000000eb3ee990,0x00000000ebc80000)
  to   space 21504K, 0% used [0x00000000ec800000,0x00000000ec800000,0x00000000edd00000)
 ParOldGen       total 118784K, used 86503K [0x00000000a0000000, 0x00000000a7400000, 0x00000000e0000000)
  object space 118784K, 72% used [0x00000000a0000000,0x00000000a5479c58,0x00000000a7400000)
 Metaspace       used 90187K, capacity 96502K, committed 96640K, reserved 1134592K
  class space    used 11273K, capacity 12385K, committed 12416K, reserved 1048576K
}
Event: 14189.277 GC heap before
{Heap before GC invocations=51 (full 3):
 PSYoungGen      total 193024K, used 184250K [0x00000000e0000000, 0x00000000edd00000, 0x0000000100000000)
  eden space 170496K, 100% used [0x00000000e0000000,0x00000000ea680000,0x00000000ea680000)
  from space 22528K, 61% used [0x00000000ea680000,0x00000000eb3ee990,0x00000000ebc80000)
  to   space 21504K, 0% used [0x00000000ec800000,0x00000000ec800000,0x00000000edd00000)
 ParOldGen       total 118784K, used 86503K [0x00000000a0000000, 0x00000000a7400000, 0x00000000e0000000)
  object space 118784K, 72% used [0x00000000a0000000,0x00000000a5479c58,0x00000000a7400000)
 Metaspace       used 90212K, capacity 96574K, committed 96640K, reserved 1134592K
  class space    used 11274K, capacity 12385K, committed 12416K, reserved 1048576K
Event: 14189.310 GC heap after
Heap after GC invocations=51 (full 3):
 PSYoungGen      total 205312K, used 11630K [0x00000000e0000000, 0x00000000edd00000, 0x0000000100000000)
  eden space 183808K, 0% used [0x00000000e0000000,0x00000000e0000000,0x00000000eb380000)
  from space 21504K, 54% used [0x00000000ec800000,0x00000000ed35baa0,0x00000000edd00000)
  to   space 20992K, 0% used [0x00000000eb380000,0x00000000eb380000,0x00000000ec800000)
 ParOldGen       total 118784K, used 86519K [0x00000000a0000000, 0x00000000a7400000, 0x00000000e0000000)
  object space 118784K, 72% used [0x00000000a0000000,0x00000000a547dc58,0x00000000a7400000)
 Metaspace       used 90212K, capacity 96574K, committed 96640K, reserved 1134592K
  class space    used 11274K, capacity 12385K, committed 12416K, reserved 1048576K
}
Event: 14218.162 GC heap before
{Heap before GC invocations=52 (full 3):
 PSYoungGen      total 205312K, used 195438K [0x00000000e0000000, 0x00000000edd00000, 0x0000000100000000)
  eden space 183808K, 100% used [0x00000000e0000000,0x00000000eb380000,0x00000000eb380000)
  from space 21504K, 54% used [0x00000000ec800000,0x00000000ed35baa0,0x00000000edd00000)
  to   space 20992K, 0% used [0x00000000eb380000,0x00000000eb380000,0x00000000ec800000)
 ParOldGen       total 118784K, used 86519K [0x00000000a0000000, 0x00000000a7400000, 0x00000000e0000000)
  object space 118784K, 72% used [0x00000000a0000000,0x00000000a547dc58,0x00000000a7400000)
 Metaspace       used 90263K, capacity 96578K, committed 96640K, reserved 1134592K
  class space    used 11274K, capacity 12385K, committed 12416K, reserved 1048576K
Event: 14218.174 GC heap after
Heap after GC invocations=52 (full 3):
 PSYoungGen      total 185344K, used 7951K [0x00000000e0000000, 0x00000000ed700000, 0x0000000100000000)
  eden space 177152K, 0% used [0x00000000e0000000,0x00000000e0000000,0x00000000ead00000)
  from space 8192K, 97% used [0x00000000eb380000,0x00000000ebb43fb0,0x00000000ebb80000)
  to   space 21504K, 0% used [0x00000000ec200000,0x00000000ec200000,0x00000000ed700000)
 ParOldGen       total 118784K, used 86583K [0x00000000a0000000, 0x00000000a7400000, 0x00000000e0000000)
  object space 118784K, 72% used [0x00000000a0000000,0x00000000a548dc68,0x00000000a7400000)
 Metaspace       used 90263K, capacity 96578K, committed 96640K, reserved 1134592K
  class space    used 11274K, capacity 12385K, committed 12416K, reserved 1048576K
}
Event: 14313.095 GC heap before
{Heap before GC invocations=53 (full 3):
 PSYoungGen      total 185344K, used 184312K [0x00000000e0000000, 0x00000000ed700000, 0x0000000100000000)
  eden space 177152K, 99% used [0x00000000e0000000,0x00000000eac3a228,0x00000000ead00000)
  from space 8192K, 97% used [0x00000000eb380000,0x00000000ebb43fb0,0x00000000ebb80000)
  to   space 21504K, 0% used [0x00000000ec200000,0x00000000ec200000,0x00000000ed700000)
 ParOldGen       total 118784K, used 86583K [0x00000000a0000000, 0x00000000a7400000, 0x00000000e0000000)
  object space 118784K, 72% used [0x00000000a0000000,0x00000000a548dc68,0x00000000a7400000)
 Metaspace       used 90278K, capacity 96642K, committed 96896K, reserved 1134592K
  class space    used 11274K, capacity 12385K, committed 12416K, reserved 1048576K
Event: 14313.124 GC heap after
Heap after GC invocations=53 (full 3):
 PSYoungGen      total 192512K, used 21483K [0x00000000e0000000, 0x00000000ed800000, 0x0000000100000000)
  eden space 171008K, 0% used [0x00000000e0000000,0x00000000e0000000,0x00000000ea700000)
  from space 21504K, 99% used [0x00000000ec200000,0x00000000ed6fad88,0x00000000ed700000)
  to   space 25088K, 0% used [0x00000000ea700000,0x00000000ea700000,0x00000000ebf80000)
 ParOldGen       total 118784K, used 90687K [0x00000000a0000000, 0x00000000a7400000, 0x00000000e0000000)
  object space 118784K, 76% used [0x00000000a0000000,0x00000000a588fcc8,0x00000000a7400000)
 Metaspace       used 90278K, capacity 96642K, committed 96896K, reserved 1134592K
  class space    used 11274K, capacity 12385K, committed 12416K, reserved 1048576K
}

