# JRE version: OpenJDK Runtime Environment (8.0_152-b02) (build 1.8.0_152-release-1024-b02)
# Java VM: OpenJDK 64-Bit Server VM (25.152-b02 mixed mode windows-amd64 compressed oops)
Heap:
 PSYoungGen      total 343040K, used 76573K [0x00000000e0000000, 0x00000000f9880000, 0x0000000100000000)
  eden space 332800K, 20% used [0x00000000e0000000,0x00000000e412c438,0x00000000f4500000)
  from space 10240K, 96% used [0x00000000f8e80000,0x00000000f981b300,0x00000000f9880000)
  to   space 25088K, 0% used [0x00000000f6780000,0x00000000f6780000,0x00000000f8000000)
 ParOldGen       total 106496K, used 64259K [0x00000000a0000000, 0x00000000a6800000, 0x00000000e0000000)
  object space 106496K, 60% used [0x00000000a0000000,0x00000000a3ec0ea8,0x00000000a6800000)
 Metaspace       used 86547K, capacity 91738K, committed 91864K, reserved 1128448K
  class space    used 11011K, capacity 11933K, committed 12032K, reserved 1048576K
GC Heap History (10 events):
Event: 3171.017 GC heap before
{Heap before GC invocations=19 (full 3):
 PSYoungGen      total 428032K, used 427918K [0x00000000e0000000, 0x00000000fe080000, 0x0000000100000000)
  eden space 414720K, 100% used [0x00000000e0000000,0x00000000f9500000,0x00000000f9500000)
  from space 13312K, 99% used [0x00000000fa980000,0x00000000fb663968,0x00000000fb680000)
  to   space 30208K, 0% used [0x00000000fc300000,0x00000000fc300000,0x00000000fe080000)
 ParOldGen       total 106496K, used 64219K [0x00000000a0000000, 0x00000000a6800000, 0x00000000e0000000)
  object space 106496K, 60% used [0x00000000a0000000,0x00000000a3eb6ea8,0x00000000a6800000)
 Metaspace       used 85929K, capacity 91146K, committed 91352K, reserved 1128448K
  class space    used 11007K, capacity 11933K, committed 12032K, reserved 1048576K
Event: 3171.063 GC heap after
Heap after GC invocations=19 (full 3):
 PSYoungGen      total 406016K, used 8915K [0x00000000e0000000, 0x00000000fcc00000, 0x0000000100000000)
  eden space 396800K, 0% used [0x00000000e0000000,0x00000000e0000000,0x00000000f8380000)
  from space 9216K, 96% used [0x00000000fc300000,0x00000000fcbb4f48,0x00000000fcc00000)
  to   space 29696K, 0% used [0x00000000f9200000,0x00000000f9200000,0x00000000faf00000)
 ParOldGen       total 106496K, used 64227K [0x00000000a0000000, 0x00000000a6800000, 0x00000000e0000000)
  object space 106496K, 60% used [0x00000000a0000000,0x00000000a3eb8ea8,0x00000000a6800000)
 Metaspace       used 85929K, capacity 91146K, committed 91352K, reserved 1128448K
  class space    used 11007K, capacity 11933K, committed 12032K, reserved 1048576K
}
Event: 3391.666 GC heap before
{Heap before GC invocations=20 (full 3):
 PSYoungGen      total 406016K, used 405715K [0x00000000e0000000, 0x00000000fcc00000, 0x0000000100000000)
  eden space 396800K, 100% used [0x00000000e0000000,0x00000000f8380000,0x00000000f8380000)
  from space 9216K, 96% used [0x00000000fc300000,0x00000000fcbb4f48,0x00000000fcc00000)
  to   space 29696K, 0% used [0x00000000f9200000,0x00000000f9200000,0x00000000faf00000)
 ParOldGen       total 106496K, used 64227K [0x00000000a0000000, 0x00000000a6800000, 0x00000000e0000000)
  object space 106496K, 60% used [0x00000000a0000000,0x00000000a3eb8ea8,0x00000000a6800000)
 Metaspace       used 86134K, capacity 91346K, committed 91608K, reserved 1128448K
  class space    used 11007K, capacity 11933K, committed 12032K, reserved 1048576K
Event: 3391.679 GC heap after
Heap after GC invocations=20 (full 3):
 PSYoungGen      total 387584K, used 7815K [0x00000000e0000000, 0x00000000fc380000, 0x0000000100000000)
  eden space 379392K, 0% used [0x00000000e0000000,0x00000000e0000000,0x00000000f7280000)
  from space 8192K, 95% used [0x00000000f9200000,0x00000000f99a1e00,0x00000000f9a00000)
  to   space 28672K, 0% used [0x00000000fa780000,0x00000000fa780000,0x00000000fc380000)
 ParOldGen       total 106496K, used 64235K [0x00000000a0000000, 0x00000000a6800000, 0x00000000e0000000)
  object space 106496K, 60% used [0x00000000a0000000,0x00000000a3ebaea8,0x00000000a6800000)
 Metaspace       used 86134K, capacity 91346K, committed 91608K, reserved 1128448K
  class space    used 11007K, capacity 11933K, committed 12032K, reserved 1048576K
}
Event: 3464.799 GC heap before
{Heap before GC invocations=21 (full 3):
 PSYoungGen      total 387584K, used 387207K [0x00000000e0000000, 0x00000000fc380000, 0x0000000100000000)
  eden space 379392K, 100% used [0x00000000e0000000,0x00000000f7280000,0x00000000f7280000)
  from space 8192K, 95% used [0x00000000f9200000,0x00000000f99a1e00,0x00000000f9a00000)
  to   space 28672K, 0% used [0x00000000fa780000,0x00000000fa780000,0x00000000fc380000)
 ParOldGen       total 106496K, used 64235K [0x00000000a0000000, 0x00000000a6800000, 0x00000000e0000000)
  object space 106496K, 60% used [0x00000000a0000000,0x00000000a3ebaea8,0x00000000a6800000)
 Metaspace       used 86231K, capacity 91350K, committed 91608K, reserved 1128448K
  class space    used 11007K, capacity 11933K, committed 12032K, reserved 1048576K
Event: 3464.818 GC heap after
Heap after GC invocations=21 (full 3):
 PSYoungGen      total 375808K, used 12787K [0x00000000e0000000, 0x00000000fb400000, 0x0000000100000000)
  eden space 363008K, 0% used [0x00000000e0000000,0x00000000e0000000,0x00000000f6280000)
  from space 12800K, 99% used [0x00000000fa780000,0x00000000fb3fcf18,0x00000000fb400000)
  to   space 27136K, 0% used [0x00000000f7f00000,0x00000000f7f00000,0x00000000f9980000)
 ParOldGen       total 106496K, used 64243K [0x00000000a0000000, 0x00000000a6800000, 0x00000000e0000000)
  object space 106496K, 60% used [0x00000000a0000000,0x00000000a3ebcea8,0x00000000a6800000)
 Metaspace       used 86231K, capacity 91350K, committed 91608K, reserved 1128448K
  class space    used 11007K, capacity 11933K, committed 12032K, reserved 1048576K
}
Event: 3557.811 GC heap before
{Heap before GC invocations=22 (full 3):
 PSYoungGen      total 375808K, used 375790K [0x00000000e0000000, 0x00000000fb400000, 0x0000000100000000)
  eden space 363008K, 99% used [0x00000000e0000000,0x00000000f627e9a0,0x00000000f6280000)
  from space 12800K, 99% used [0x00000000fa780000,0x00000000fb3fcf18,0x00000000fb400000)
  to   space 27136K, 0% used [0x00000000f7f00000,0x00000000f7f00000,0x00000000f9980000)
 ParOldGen       total 106496K, used 64243K [0x00000000a0000000, 0x00000000a6800000, 0x00000000e0000000)
  object space 106496K, 60% used [0x00000000a0000000,0x00000000a3ebcea8,0x00000000a6800000)
 Metaspace       used 86336K, capacity 91542K, committed 91864K, reserved 1128448K
  class space    used 11007K, capacity 11933K, committed 12032K, reserved 1048576K
Event: 3557.832 GC heap after
Heap after GC invocations=22 (full 3):
 PSYoungGen      total 357888K, used 10024K [0x00000000e0000000, 0x00000000fa800000, 0x0000000100000000)
  eden space 347648K, 0% used [0x00000000e0000000,0x00000000e0000000,0x00000000f5380000)
  from space 10240K, 97% used [0x00000000f7f00000,0x00000000f88ca2f8,0x00000000f8900000)
  to   space 26112K, 0% used [0x00000000f8e80000,0x00000000f8e80000,0x00000000fa800000)
 ParOldGen       total 106496K, used 64251K [0x00000000a0000000, 0x00000000a6800000, 0x00000000e0000000)
  object space 106496K, 60% used [0x00000000a0000000,0x00000000a3ebeea8,0x00000000a6800000)
 Metaspace       used 86336K, capacity 91542K, committed 91864K, reserved 1128448K
  class space    used 11007K, capacity 11933K, committed 12032K, reserved 1048576K
}
Event: 3878.090 GC heap before
{Heap before GC invocations=23 (full 3):
 PSYoungGen      total 357888K, used 357672K [0x00000000e0000000, 0x00000000fa800000, 0x0000000100000000)
  eden space 347648K, 100% used [0x00000000e0000000,0x00000000f5380000,0x00000000f5380000)
  from space 10240K, 97% used [0x00000000f7f00000,0x00000000f88ca2f8,0x00000000f8900000)
  to   space 26112K, 0% used [0x00000000f8e80000,0x00000000f8e80000,0x00000000fa800000)
 ParOldGen       total 106496K, used 64251K [0x00000000a0000000, 0x00000000a6800000, 0x00000000e0000000)
  object space 106496K, 60% used [0x00000000a0000000,0x00000000a3ebeea8,0x00000000a6800000)
 Metaspace       used 86523K, capacity 91738K, committed 91864K, reserved 1128448K
  class space    used 11011K, capacity 11933K, committed 12032K, reserved 1048576K
Event: 3878.123 GC heap after
Heap after GC invocations=23 (full 3):
 PSYoungGen      total 343040K, used 9836K [0x00000000e0000000, 0x00000000f9880000, 0x0000000100000000)
  eden space 332800K, 0% used [0x00000000e0000000,0x00000000e0000000,0x00000000f4500000)
  from space 10240K, 96% used [0x00000000f8e80000,0x00000000f981b300,0x00000000f9880000)
  to   space 25088K, 0% used [0x00000000f6780000,0x00000000f6780000,0x00000000f8000000)
 ParOldGen       total 106496K, used 64259K [0x00000000a0000000, 0x00000000a6800000, 0x00000000e0000000)
  object space 106496K, 60% used [0x00000000a0000000,0x00000000a3ec0ea8,0x00000000a6800000)
 Metaspace       used 86523K, capacity 91738K, committed 91864K, reserved 1128448K
  class space    used 11011K, capacity 11933K, committed 12032K, reserved 1048576K
}

